app-customer/build/intermediates/manifest_merge_blame_file/debug/processDebugMainManifest/manifest-merger-blame-debug-report.txt
1<?xml version="1.0" encoding="utf-8"?>
2<manifest xmlns:android="http://schemas.android.com/apk/res/android"
3    package="vn.vuavuive.customer"
4    android:versionCode="1"
5    android:versionName="1.0.0" >
6
7    <uses-sdk
8        android:minSdkVersion="26"
9        android:targetSdkVersion="35" />
10
11    <uses-permission android:name="android.permission.INTERNET" />
11-->src\main\AndroidManifest.xml:4:5-67
11-->src\main\AndroidManifest.xml:4:22-64
12    <uses-permission android:name="android.permission.ACCESS_NETWORK_STATE" />
12-->src\main\AndroidManifest.xml:5:5-79
12-->src\main\AndroidManifest.xml:5:22-76
13    <uses-permission android:name="android.permission.ACCESS_FINE_LOCATION" />
13-->src\main\AndroidManifest.xml:6:5-79
13-->src\main\AndroidManifest.xml:6:22-76
14    <uses-permission android:name="android.permission.ACCESS_COARSE_LOCATION" />
14-->src\main\AndroidManifest.xml:7:5-81
14-->src\main\AndroidManifest.xml:7:22-78
15
16    <permission
16-->[androidx.core:core:1.13.0] AndroidManifest.xml:22:5-24:47
17        android:name="vn.vuavuive.customer.DYNAMIC_RECEIVER_NOT_EXPORTED_PERMISSION"
17-->[androidx.core:core:1.13.0] AndroidManifest.xml:23:9-81
18        android:protectionLevel="signature" />
18-->[androidx.core:core:1.13.0] AndroidManifest.xml:24:9-44
19
20    <uses-permission android:name="vn.vuavuive.customer.DYNAMIC_RECEIVER_NOT_EXPORTED_PERMISSION" />
20-->[androidx.core:core:1.13.0] AndroidManifest.xml:26:5-97
20-->[androidx.core:core:1.13.0] AndroidManifest.xml:26:22-94
21
22    <application
22-->src\main\AndroidManifest.xml:9:5-129:19
23        android:name="vn.vuavuive.customer.VuaVuiVeApp"
23-->src\main\AndroidManifest.xml:10:9-36
24        android:allowBackup="true"
24-->src\main\AndroidManifest.xml:11:9-35
25        android:appComponentFactory="androidx.core.app.CoreComponentFactory"
25-->[androidx.core:core:1.13.0] AndroidManifest.xml:28:18-86
26        android:debuggable="true"
27        android:extractNativeLibs="false"
28        android:label="@string/app_name"
28-->src\main\AndroidManifest.xml:12:9-41
29        android:networkSecurityConfig="@xml/network_security_config"
29-->src\main\AndroidManifest.xml:13:9-69
30        android:supportsRtl="true"
30-->src\main\AndroidManifest.xml:14:9-35
31        android:testOnly="true"
32        android:theme="@style/Theme.VuaVuiVe.Customer"
32-->src\main\AndroidManifest.xml:15:9-55
33        android:usesCleartextTraffic="true" >
33-->src\main\AndroidManifest.xml:16:9-44
34
35        <!-- Auth -->
36        <activity
36-->src\main\AndroidManifest.xml:19:9-22:62
37            android:name="vn.vuavuive.customer.ui.auth.LoginActivity"
37-->src\main\AndroidManifest.xml:20:13-50
38            android:exported="false"
38-->src\main\AndroidManifest.xml:21:13-37
39            android:theme="@style/Theme.VuaVuiVe.Customer" />
39-->src\main\AndroidManifest.xml:22:13-59
40        <activity
40-->src\main\AndroidManifest.xml:24:9-26:40
41            android:name="vn.vuavuive.customer.ui.auth.RegisterActivity"
41-->src\main\AndroidManifest.xml:25:13-53
42            android:exported="false" />
42-->src\main\AndroidManifest.xml:26:13-37
43        <activity
43-->src\main\AndroidManifest.xml:28:9-30:40
44            android:name="vn.vuavuive.customer.ui.auth.ForgotPasswordActivity"
44-->src\main\AndroidManifest.xml:29:13-59
45            android:exported="false" />
45-->src\main\AndroidManifest.xml:30:13-37
46
47        <!-- Main -->
48        <activity
48-->src\main\AndroidManifest.xml:33:9-41:20
49            android:name="vn.vuavuive.customer.ui.MainActivity"
49-->src\main\AndroidManifest.xml:34:13-44
50            android:exported="true"
50-->src\main\AndroidManifest.xml:35:13-36
51            android:launchMode="singleTop" >
51-->src\main\AndroidManifest.xml:36:13-43
52            <intent-filter>
52-->src\main\AndroidManifest.xml:37:13-40:29
53                <action android:name="android.intent.action.MAIN" />
53-->src\main\AndroidManifest.xml:38:17-69
53-->src\main\AndroidManifest.xml:38:25-66
54
55                <category android:name="android.intent.category.LAUNCHER" />
55-->src\main\AndroidManifest.xml:39:17-77
55-->src\main\AndroidManifest.xml:39:27-74
56            </intent-filter>
57        </activity>
58
59        <!-- Product -->
60        <activity
60-->src\main\AndroidManifest.xml:44:9-47:61
61            android:name="vn.vuavuive.customer.ui.product.ProductDetailActivity"
61-->src\main\AndroidManifest.xml:45:13-61
62            android:exported="false"
62-->src\main\AndroidManifest.xml:46:13-37
63            android:parentActivityName="vn.vuavuive.customer.ui.MainActivity" />
63-->src\main\AndroidManifest.xml:47:13-58
64        <activity
64-->src\main\AndroidManifest.xml:49:9-52:61
65            android:name="vn.vuavuive.customer.ui.search.SearchActivity"
65-->src\main\AndroidManifest.xml:50:13-53
66            android:exported="false"
66-->src\main\AndroidManifest.xml:51:13-37
67            android:parentActivityName="vn.vuavuive.customer.ui.MainActivity" />
67-->src\main\AndroidManifest.xml:52:13-58
68
69        <!-- Checkout & Payment -->
70        <activity
70-->src\main\AndroidManifest.xml:55:9-58:61
71            android:name="vn.vuavuive.customer.ui.checkout.CheckoutActivity"
71-->src\main\AndroidManifest.xml:56:13-57
72            android:exported="false"
72-->src\main\AndroidManifest.xml:57:13-37
73            android:parentActivityName="vn.vuavuive.customer.ui.MainActivity" />
73-->src\main\AndroidManifest.xml:58:13-58
74        <activity
74-->src\main\AndroidManifest.xml:60:9-63:74
75            android:name="vn.vuavuive.customer.ui.checkout.PaymentWebViewActivity"
75-->src\main\AndroidManifest.xml:61:13-63
76            android:exported="false"
76-->src\main\AndroidManifest.xml:62:13-37
77            android:parentActivityName="vn.vuavuive.customer.ui.checkout.CheckoutActivity" />
77-->src\main\AndroidManifest.xml:63:13-71
78
79        <!-- Order Detail -->
80        <activity
80-->src\main\AndroidManifest.xml:66:9-69:61
81            android:name="vn.vuavuive.customer.ui.order.OrderDetailActivity"
81-->src\main\AndroidManifest.xml:67:13-57
82            android:exported="false"
82-->src\main\AndroidManifest.xml:68:13-37
83            android:parentActivityName="vn.vuavuive.customer.ui.MainActivity" />
83-->src\main\AndroidManifest.xml:69:13-58
84
85        <!-- Reviews -->
86        <activity
86-->src\main\AndroidManifest.xml:72:9-75:61
87            android:name="vn.vuavuive.customer.ui.review.MyReviewsActivity"
87-->src\main\AndroidManifest.xml:73:13-56
88            android:exported="false"
88-->src\main\AndroidManifest.xml:74:13-37
89            android:parentActivityName="vn.vuavuive.customer.ui.MainActivity" />
89-->src\main\AndroidManifest.xml:75:13-58
90
91        <!-- Shipments -->
92        <activity
92-->src\main\AndroidManifest.xml:78:9-81:61
93            android:name="vn.vuavuive.customer.ui.shipment.ShipmentListActivity"
93-->src\main\AndroidManifest.xml:79:13-61
94            android:exported="false"
94-->src\main\AndroidManifest.xml:80:13-37
95            android:parentActivityName="vn.vuavuive.customer.ui.MainActivity" />
95-->src\main\AndroidManifest.xml:81:13-58
96        <activity
96-->src\main\AndroidManifest.xml:83:9-86:78
97            android:name="vn.vuavuive.customer.ui.shipment.ShipmentDetailActivity"
97-->src\main\AndroidManifest.xml:84:13-63
98            android:exported="false"
98-->src\main\AndroidManifest.xml:85:13-37
99            android:parentActivityName="vn.vuavuive.customer.ui.shipment.ShipmentListActivity" />
99-->src\main\AndroidManifest.xml:86:13-75
100
101        <!-- Account -->
102        <activity
102-->src\main\AndroidManifest.xml:89:9-92:61
103            android:name="vn.vuavuive.customer.ui.account.EditProfileActivity"
103-->src\main\AndroidManifest.xml:90:13-59
104            android:exported="false"
104-->src\main\AndroidManifest.xml:91:13-37
105            android:parentActivityName="vn.vuavuive.customer.ui.MainActivity" />
105-->src\main\AndroidManifest.xml:92:13-58
106        <activity
106-->src\main\AndroidManifest.xml:94:9-97:61
107            android:name="vn.vuavuive.customer.ui.account.ChangePasswordActivity"
107-->src\main\AndroidManifest.xml:95:13-62
108            android:exported="false"
108-->src\main\AndroidManifest.xml:96:13-37
109            android:parentActivityName="vn.vuavuive.customer.ui.MainActivity" />
109-->src\main\AndroidManifest.xml:97:13-58
110
111        <!-- Chat / Chatbot -->
112        <activity
112-->src\main\AndroidManifest.xml:100:9-104:58
113            android:name="vn.vuavuive.customer.ui.chat.ChatActivity"
113-->src\main\AndroidManifest.xml:101:13-49
114            android:exported="false"
114-->src\main\AndroidManifest.xml:102:13-37
115            android:parentActivityName="vn.vuavuive.customer.ui.MainActivity"
115-->src\main\AndroidManifest.xml:103:13-58
116            android:windowSoftInputMode="adjustResize" />
116-->src\main\AndroidManifest.xml:104:13-55
117
118        <!-- Recipes -->
119        <activity
119-->src\main\AndroidManifest.xml:107:9-110:61
120            android:name="vn.vuavuive.customer.ui.recipe.RecipeListFragmentActivity"
120-->src\main\AndroidManifest.xml:108:13-65
121            android:exported="false"
121-->src\main\AndroidManifest.xml:109:13-37
122            android:parentActivityName="vn.vuavuive.customer.ui.MainActivity" />
122-->src\main\AndroidManifest.xml:110:13-58
123        <activity
123-->src\main\AndroidManifest.xml:112:9-115:82
124            android:name="vn.vuavuive.customer.ui.recipe.RecipeDetailActivity"
124-->src\main\AndroidManifest.xml:113:13-59
125            android:exported="false"
125-->src\main\AndroidManifest.xml:114:13-37
126            android:parentActivityName="vn.vuavuive.customer.ui.recipe.RecipeListFragmentActivity" />
126-->src\main\AndroidManifest.xml:115:13-79
127
128        <!-- ── Shipper App ── -->
129        <activity
129-->src\main\AndroidManifest.xml:118:9-122:57
130            android:name="vn.vuavuive.customer.ui.shipper.ShipperMainActivity"
130-->src\main\AndroidManifest.xml:119:13-59
131            android:exported="false"
131-->src\main\AndroidManifest.xml:120:13-37
132            android:launchMode="singleTop"
132-->src\main\AndroidManifest.xml:121:13-43
133            android:windowSoftInputMode="stateHidden" />
133-->src\main\AndroidManifest.xml:122:13-54
134        <activity
134-->src\main\AndroidManifest.xml:124:9-127:76
135            android:name="vn.vuavuive.customer.ui.shipper.ShipperOrderDetailActivity"
135-->src\main\AndroidManifest.xml:125:13-66
136            android:exported="false"
136-->src\main\AndroidManifest.xml:126:13-37
137            android:parentActivityName="vn.vuavuive.customer.ui.shipper.ShipperMainActivity" />
137-->src\main\AndroidManifest.xml:127:13-73
138        <activity
138-->[com.google.android.gms:play-services-base:18.5.0] AndroidManifest.xml:5:9-173
139            android:name="com.google.android.gms.common.api.GoogleApiActivity"
139-->[com.google.android.gms:play-services-base:18.5.0] AndroidManifest.xml:5:19-85
140            android:exported="false"
140-->[com.google.android.gms:play-services-base:18.5.0] AndroidManifest.xml:5:146-170
141            android:theme="@android:style/Theme.Translucent.NoTitleBar" />
141-->[com.google.android.gms:play-services-base:18.5.0] AndroidManifest.xml:5:86-145
142
143        <meta-data
143-->[com.google.android.gms:play-services-basement:18.4.0] AndroidManifest.xml:6:9-122
144            android:name="com.google.android.gms.version"
144-->[com.google.android.gms:play-services-basement:18.4.0] AndroidManifest.xml:6:20-65
145            android:value="@integer/google_play_services_version" />
145-->[com.google.android.gms:play-services-basement:18.4.0] AndroidManifest.xml:6:66-119
146
147        <provider
147-->[androidx.emoji2:emoji2:1.3.0] AndroidManifest.xml:24:9-32:20
148            android:name="androidx.startup.InitializationProvider"
148-->[androidx.emoji2:emoji2:1.3.0] AndroidManifest.xml:25:13-67
149            android:authorities="vn.vuavuive.customer.androidx-startup"
149-->[androidx.emoji2:emoji2:1.3.0] AndroidManifest.xml:26:13-68
150            android:exported="false" >
150-->[androidx.emoji2:emoji2:1.3.0] AndroidManifest.xml:27:13-37
151            <meta-data
151-->[androidx.emoji2:emoji2:1.3.0] AndroidManifest.xml:29:13-31:52
152                android:name="androidx.emoji2.text.EmojiCompatInitializer"
152-->[androidx.emoji2:emoji2:1.3.0] AndroidManifest.xml:30:17-75
153                android:value="androidx.startup" />
153-->[androidx.emoji2:emoji2:1.3.0] AndroidManifest.xml:31:17-49
154            <meta-data
154-->[androidx.lifecycle:lifecycle-process:2.8.7] AndroidManifest.xml:29:13-31:52
155                android:name="androidx.lifecycle.ProcessLifecycleInitializer"
155-->[androidx.lifecycle:lifecycle-process:2.8.7] AndroidManifest.xml:30:17-78
156                android:value="androidx.startup" />
156-->[androidx.lifecycle:lifecycle-process:2.8.7] AndroidManifest.xml:31:17-49
157            <meta-data
157-->[androidx.profileinstaller:profileinstaller:1.4.0] AndroidManifest.xml:29:13-31:52
158                android:name="androidx.profileinstaller.ProfileInstallerInitializer"
158-->[androidx.profileinstaller:profileinstaller:1.4.0] AndroidManifest.xml:30:17-85
159                android:value="androidx.startup" />
159-->[androidx.profileinstaller:profileinstaller:1.4.0] AndroidManifest.xml:31:17-49
160        </provider>
161
162        <uses-library
162-->[androidx.window:window:1.0.0] AndroidManifest.xml:25:9-27:40
163            android:name="androidx.window.extensions"
163-->[androidx.window:window:1.0.0] AndroidManifest.xml:26:13-54
164            android:required="false" />
164-->[androidx.window:window:1.0.0] AndroidManifest.xml:27:13-37
165        <uses-library
165-->[androidx.window:window:1.0.0] AndroidManifest.xml:28:9-30:40
166            android:name="androidx.window.sidecar"
166-->[androidx.window:window:1.0.0] AndroidManifest.xml:29:13-51
167            android:required="false" />
167-->[androidx.window:window:1.0.0] AndroidManifest.xml:30:13-37
168
169        <receiver
169-->[androidx.profileinstaller:profileinstaller:1.4.0] AndroidManifest.xml:34:9-52:20
170            android:name="androidx.profileinstaller.ProfileInstallReceiver"
170-->[androidx.profileinstaller:profileinstaller:1.4.0] AndroidManifest.xml:35:13-76
171            android:directBootAware="false"
171-->[androidx.profileinstaller:profileinstaller:1.4.0] AndroidManifest.xml:36:13-44
172            android:enabled="true"
172-->[androidx.profileinstaller:profileinstaller:1.4.0] AndroidManifest.xml:37:13-35
173            android:exported="true"
173-->[androidx.profileinstaller:profileinstaller:1.4.0] AndroidManifest.xml:38:13-36
174            android:permission="android.permission.DUMP" >
174-->[androidx.profileinstaller:profileinstaller:1.4.0] AndroidManifest.xml:39:13-57
175            <intent-filter>
175-->[androidx.profileinstaller:profileinstaller:1.4.0] AndroidManifest.xml:40:13-42:29
176                <action android:name="androidx.profileinstaller.action.INSTALL_PROFILE" />
176-->[androidx.profileinstaller:profileinstaller:1.4.0] AndroidManifest.xml:41:17-91
176-->[androidx.profileinstaller:profileinstaller:1.4.0] AndroidManifest.xml:41:25-88
177            </intent-filter>
178            <intent-filter>
178-->[androidx.profileinstaller:profileinstaller:1.4.0] AndroidManifest.xml:43:13-45:29
179                <action android:name="androidx.profileinstaller.action.SKIP_FILE" />
179-->[androidx.profileinstaller:profileinstaller:1.4.0] AndroidManifest.xml:44:17-85
179-->[androidx.profileinstaller:profileinstaller:1.4.0] AndroidManifest.xml:44:25-82
180            </intent-filter>
181            <intent-filter>
181-->[androidx.profileinstaller:profileinstaller:1.4.0] AndroidManifest.xml:46:13-48:29
182                <action android:name="androidx.profileinstaller.action.SAVE_PROFILE" />
182-->[androidx.profileinstaller:profileinstaller:1.4.0] AndroidManifest.xml:47:17-88
182-->[androidx.profileinstaller:profileinstaller:1.4.0] AndroidManifest.xml:47:25-85
183            </intent-filter>
184            <intent-filter>
184-->[androidx.profileinstaller:profileinstaller:1.4.0] AndroidManifest.xml:49:13-51:29
185                <action android:name="androidx.profileinstaller.action.BENCHMARK_OPERATION" />
185-->[androidx.profileinstaller:profileinstaller:1.4.0] AndroidManifest.xml:50:17-95
185-->[androidx.profileinstaller:profileinstaller:1.4.0] AndroidManifest.xml:50:25-92
186            </intent-filter>
187        </receiver>
188
189        <service
189-->[androidx.room:room-runtime:2.6.1] AndroidManifest.xml:24:9-28:63
190            android:name="androidx.room.MultiInstanceInvalidationService"
190-->[androidx.room:room-runtime:2.6.1] AndroidManifest.xml:25:13-74
191            android:directBootAware="true"
191-->[androidx.room:room-runtime:2.6.1] AndroidManifest.xml:26:13-43
192            android:exported="false" />
192-->[androidx.room:room-runtime:2.6.1] AndroidManifest.xml:27:13-37
193    </application>
194
195</manifest>